**assistant**:
> Below are selected log entries of past conversations, as part of an experimental AI memory system. They may have no bearing on the chat.
> 
> 
>   2024-01-18:
>   Troubleshooting installation error for 'rpy2' package
> 
> 
> 
>   2024-01-18:
>   Confirming FFmpeg Installation Location on Ubuntu Server
> 
> 
> 
>   2024-01-12:
>   Finding Symlinks in a Linux Directory Tree
> 
> 
> 
>   2023-11-03:
>   Exporting R Tables to Word and Resolving Installation Error
> 
> 
> 
>   2023-08-30:
>   Understanding Reviewer's Suggestion for `reset_index()` in Pandas Code
> 
> 
> 
>   2023-10-27:
>   LaTeX Text Box Width and Wrapping
> 
> 
> 
>   2023-07-18:
>   How to repeatedly call an Ajax command until the server asks to stop; Use `setInterval()` and `clearInterval()` with a conditional check in the Ajax success callback.
> 
> 
> 
>   2023-08-24:
>   Obtaining Covariance Matrix from Stata Regression Command
> 
> 
> 
>   2023-09-05:
>   Finding Files Older Than a Date in Linux
> 
> 
> 
>   2023-07-16:
>   Checking Redis availability on DreamHost server; assistant provides SSH instructions and notes hosting plan limitations.
> 
> 
>     
**user**:
> When I try to install rpy2, I get the error:
> ```
> Collecting rpy2
>   Downloading rpy2-3.5.15.tar.gz (219 kB)
>      ━━━━━━━━━━━━━━━━━━━━━━━━━━━━━━━━━━━━━━━━ 219.8/219.8 KB 7.1 MB/s eta 0:00:00
>   Installing build dependencies ... done
>   Getting requirements to build wheel ... error
>   error: subprocess-exited-with-error
>   
>   × Getting requirements to build wheel did not run successfully.
>   │ exit code: 1
>   ╰─> [16 lines of output]
>       Traceback (most recent call last):
>         File "/usr/lib/python3/dist-packages/pip/_vendor/pep517/in_process/_in_process.py", line 363, in 
>           main()
>         File "/usr/lib/python3/dist-packages/pip/_vendor/pep517/in_process/_in_process.py", line 345, in main
>           json_out['return_val'] = hook(**hook_input['kwargs'])
>         File "/usr/lib/python3/dist-packages/pip/_vendor/pep517/in_process/_in_process.py", line 130, in get_requires_for_build_wheel
>           return hook(config_settings)
>         File "/usr/lib/python3/dist-packages/setuptools/build_meta.py", line 162, in get_requires_for_build_wheel
>           return self._get_build_requires(
>         File "/usr/lib/python3/dist-packages/setuptools/build_meta.py", line 143, in _get_build_requires
>           self.run_setup()
>         File "/usr/lib/python3/dist-packages/setuptools/build_meta.py", line 158, in run_setup
>           exec(compile(code, __file__, 'exec'), locals())
>         File "setup.py", line 23, in 
>           import setuptools.command.build
>       ModuleNotFoundError: No module named 'setuptools.command.build'
>       [end of output]
>   
>   note: This error originates from a subprocess, and is likely not a problem with pip.
> error: subprocess-exited-with-error
> 
> × Getting requirements to build wheel did not run successfully.
> │ exit code: 1
> ╰─> See above for output.
> 
> note: This error originates from a subprocess, and is likely not a problem with pip.
> ```
> What's wrong here?
**assistant**:
> The error message is indicating that there is a module missing, specifically `'setuptools.command.build'`. This typically means that the installation needs an up-to-date version of `setuptools`, but it seems that the module is not available or cannot be located.
> 
> Here are two possible solutions:
> 
> 1. Try to upgrade `setuptools` itself, by running the following command in your terminal:
> ```bash
> pip install --upgrade setuptools
> ```
> 
> 2. If updating `setuptools` doesn't resolve the issue, try installing the `rpy2` package using your system's package manager (assuming you're on a linux-based system). You can do this with:
> ```bash
> sudo apt-get install python3-rpy2
> ```
> 
> If none of these solutions work, please let me know. There could be other issues with your Python environment that we should investigate.
**user**:
> I tried both of these, and the apt-get seemed to work. I can import rpy2, but when I say `print(rpy2.__version__)` or `import rpy2.robjects`, I get an error. dir(rpy2) gives
> >>> dir(rpy2)
> ['__doc__', '__file__', '__loader__', '__name__', '__package__', '__path__', '__spec__']
**assistant**:
> It seems that the `rpy2` package has been installed successfully, but there might be an issue with the specific version you have installed. 
> 
> To troubleshoot the error you're encountering when trying to print the `rpy2` version or import `rpy2.robjects`, please provide the details of the error message you're receiving. The error message can help us identify the specific problem and provide a solution.
> 
> Please copy and paste the error message here, and I'll be happy to assist you further.
**user**:
> >>> print(rpy2.__version__)
> Traceback (most recent call last):
>   File "", line 1, in 
> AttributeError: module 'rpy2' has no attribute '__version__'
> >>> import rpy2.robjects
> Traceback (most recent call last):
>   File "", line 1, in 
> ModuleNotFoundError: No module named 'rpy2.robjects'
**assistant**:
> Thank you for providing the error messages. It appears that there might be a problem with the installation of `rpy2` or its dependencies. Here are a few steps you can try to resolve the issue:
> 
> 1. Double-check the installation of `rpy2` by running `pip show rpy2` in your terminal. This command will show information about the installed package, including the version. Make sure that `rpy2` is listed as an installed package.
> 
> 2. If `rpy2` is listed as an installed package, try uninstalling and reinstalling it. You can do this by running the following commands in your terminal:
> ```bash
> pip uninstall rpy2
> pip install rpy2
> ```
> 
> 3. If reinstalling doesn't work, there might be a problem with the dependencies of `rpy2`. Try installing the additional dependencies manually by running the following commands in your terminal:
> ```bash
> pip install tzlocal
> pip install jinja2
> pip install pytz
> ```
> 
> After completing these steps, try importing `rpy2` and printing `rpy2.__version__` again to see if the issue has been resolved. If you still encounter any errors, please let me know the specific error message, and I'll assist you further.
**user**:
> The pip show doesn't work, because I couldn't get it to install with pip (because of the error above). I got it to install only with apt-get.
**assistant**:
> Understood, since you installed `rpy2` via `apt-get` rather than `pip`, the Python package management won't track the package. It's possible that the version installed via `apt-get` is not fully compatible with your current Python environment or it's a minimal installation that doesn't include all the required modules.
> 
> Let's try a few things to rectify the situation:
> 
> 1. **Remove the apt version:** Since the apt-installed version of `rpy2` is not functioning correctly, you should remove it to avoid conflicts.
>     ```bash
>     sudo apt-get remove python3-rpy2
>     ```
> 
> 2. **Verify your Python version:** Ensure that you are using a compatible version of Python for the `rpy2` version you intend to install.
> 
> 3. **Clean your Python environment:** If you're not using a virtual environment, consider starting one to isolate your project dependencies. If you're unfamiliar with virtual environments, here's how to set one up:
>     ```bash
>     python3 -m venv rpy2-venv
>     source rpy2-venv/bin/activate
>     ```
> 
> 4. **Install `rpy2` with `pip`:** Attempt to reinstall `rpy2` using `pip` within the virtual environment. Before doing so, ensure you update `pip`, `setuptools`, and `wheel`.
>     ```bash
>     pip install --upgrade pip setuptools wheel
>     pip install rpy2
>     ```
> 
> 5. **Check for environment variables:** Ensure that your `LD_LIBRARY_PATH` environment variable includes the R library path if it's not in a standard location. Also, check that the `R_HOME` environment variable is set correctly.
> 
> 6. **Consider using a Conda environment:** If you're still having installation issues, using Conda can sometimes resolve tricky dependency problems. You can create a Conda environment and install `rpy2` within it:
>     ```bash
>     conda create -n rpy2-env rpy2
>     conda activate rpy2-env
>     ```
> 
> Give these steps a try, and let me know if you continue to face any issues.
**user**:
> On pip install rpy2, I get the error distutils.errors.DistutilsExecError: command '/usr/bin/x86_64-linux-gnu-gcc' failed with exit code 1
> 
**assistant**:
> The `distutils.errors.DistutilsExecError` with `gcc` failing is generally indicative of a problem during the compilation of a Python package which includes C code, such as `rpy2`. This can occur due to missing system dependencies, particularly development headers for Python and R, or a mismatch between the versions of these dependencies.
> 
> Here are some steps to potentially resolve this:
> 
> 1. **Install Development Headers for Python and R:**
>    Make sure that you have the necessary development headers for both Python and R installed on your system. You can install these via your Linux distribution's package manager. For example, on a Debian-based system (like Ubuntu), you can run:
> 
>    ```bash
>    sudo apt-get install python3-dev libffi-dev
>    ```
> 
>    And for R's development headers, use:
> 
>    ```bash
>    sudo apt-get install r-base-dev
>    ```
> 
> 2. **Install Required System Libraries:**
>    RPy2 requires certain system libraries. Ensure the following are installed:
> 
>    ```bash
>    sudo apt-get install libreadline-dev libncurses5-dev
>    ```
> 
> 3. **Define the R Home Variable:**
>    RPy2 needs the `R_HOME` environment variable to point to the R installation directory. Find out where R is installed using:
> 
>    ```bash
>    R RHOME
>    ```
> 
>    Then, export the `R_HOME` environment variable with the path you got from the above. You can add this to your `.bashrc` or `.bash_profile` to make it persistent:
> 
>    ```bash
>    export R_HOME=/path/to/R
>    ```
> 
>    Replace `/path/to/R` with the actual output from `R RHOME`.
> 
> 4. **Check R Version:**
>    Ensure that the version of R you have installed is compatible with the version of RPy2 you are trying to install.
> 
> 5. **Retry Installation within a Virtual Environment:**
>    As suggested earlier, using a virtual environment can sometimes help manage these issues better. If you haven't already, try setting up a virtual environment and then installing `rpy2` following the updated steps above.
> 
> 6. **Look at the Full Compiler Output:**
>    Finally, to diagnose further, you'll need to look at the full output from the `gcc` compiler. This output will contain more specific information about why the compilation is failing.
> 
> After trying these steps or during any of these stages, if you encounter specific error messages, please share them here. Those messages provide valuable clues about what the underlying issue might be.
